<?xml version="1.0" encoding="UTF-8"?>
<coverage generated="1702989868358" clover="3.2.0">
  <project timestamp="1702989868359" name="All files">
    <metrics statements="126" coveredstatements="82" conditionals="48" coveredconditionals="26" methods="31" coveredmethods="19" elements="205" coveredelements="127" complexity="0" loc="126" ncloc="126" packages="1" files="3" classes="3"/>
    <file name="musicProcess.js" path="C:\Users\Owner\Desktop\goanna\MODULE 2 ASSESSMENTS\MusoProject\MusoPlanProj\musicProcess.js">
      <metrics statements="67" coveredstatements="26" conditionals="22" coveredconditionals="1" methods="15" coveredmethods="4"/>
      <line num="1" count="1" type="stmt"/>
      <line num="2" count="1" type="stmt"/>
      <line num="3" count="1" type="stmt"/>
      <line num="4" count="1" type="stmt"/>
      <line num="6" count="1" type="stmt"/>
      <line num="7" count="1" type="stmt"/>
      <line num="15" count="1" type="stmt"/>
      <line num="16" count="1" type="stmt"/>
      <line num="17" count="1" type="stmt"/>
      <line num="18" count="1" type="stmt"/>
      <line num="21" count="1" type="cond" truecount="1" falsecount="4"/>
      <line num="23" count="1" type="stmt"/>
      <line num="24" count="1" type="stmt"/>
      <line num="26" count="0" type="stmt"/>
      <line num="27" count="0" type="stmt"/>
      <line num="29" count="0" type="stmt"/>
      <line num="30" count="0" type="stmt"/>
      <line num="32" count="0" type="stmt"/>
      <line num="33" count="0" type="stmt"/>
      <line num="36" count="0" type="stmt"/>
      <line num="38" count="1" type="stmt"/>
      <line num="39" count="1" type="stmt"/>
      <line num="53" count="0" type="stmt"/>
      <line num="57" count="0" type="cond" truecount="0" falsecount="2"/>
      <line num="60" count="0" type="stmt"/>
      <line num="62" count="0" type="cond" truecount="0" falsecount="2"/>
      <line num="65" count="0" type="stmt"/>
      <line num="68" count="0" type="stmt"/>
      <line num="69" count="0" type="stmt"/>
      <line num="70" count="0" type="stmt"/>
      <line num="72" count="0" type="stmt"/>
      <line num="74" count="0" type="stmt"/>
      <line num="75" count="0" type="stmt"/>
      <line num="76" count="0" type="stmt"/>
      <line num="78" count="0" type="stmt"/>
      <line num="80" count="0" type="cond" truecount="0" falsecount="6"/>
      <line num="81" count="0" type="stmt"/>
      <line num="83" count="0" type="stmt"/>
      <line num="85" count="0" type="stmt"/>
      <line num="90" count="0" type="cond" truecount="0" falsecount="2"/>
      <line num="91" count="0" type="stmt"/>
      <line num="92" count="0" type="stmt"/>
      <line num="95" count="0" type="stmt"/>
      <line num="96" count="0" type="stmt"/>
      <line num="97" count="0" type="stmt"/>
      <line num="99" count="0" type="stmt"/>
      <line num="100" count="0" type="stmt"/>
      <line num="102" count="0" type="cond" truecount="0" falsecount="5"/>
      <line num="103" count="0" type="stmt"/>
      <line num="105" count="0" type="stmt"/>
      <line num="107" count="0" type="stmt"/>
      <line num="113" count="1" type="stmt"/>
      <line num="114" count="1" type="stmt"/>
      <line num="116" count="1" type="stmt"/>
      <line num="120" count="1" type="stmt"/>
      <line num="121" count="1" type="stmt"/>
      <line num="122" count="1" type="stmt"/>
      <line num="123" count="1" type="stmt"/>
      <line num="124" count="2" type="stmt"/>
      <line num="125" count="2" type="stmt"/>
      <line num="127" count="1" type="stmt"/>
      <line num="129" count="0" type="stmt"/>
      <line num="134" count="0" type="stmt"/>
      <line num="135" count="0" type="stmt"/>
      <line num="140" count="0" type="stmt"/>
      <line num="141" count="0" type="stmt"/>
      <line num="145" count="1" type="stmt"/>
    </file>
    <file name="musicians.js" path="C:\Users\Owner\Desktop\goanna\MODULE 2 ASSESSMENTS\MusoProject\MusoPlanProj\musicians.js">
      <metrics statements="17" coveredstatements="17" conditionals="8" coveredconditionals="8" methods="7" coveredmethods="7"/>
      <line num="4" count="31" type="stmt"/>
      <line num="5" count="31" type="stmt"/>
      <line num="6" count="31" type="stmt"/>
      <line num="7" count="31" type="stmt"/>
      <line num="10" count="31" type="cond" truecount="4" falsecount="0"/>
      <line num="11" count="2" type="stmt"/>
      <line num="15" count="29" type="cond" truecount="2" falsecount="0"/>
      <line num="16" count="1" type="stmt"/>
      <line num="20" count="28" type="cond" truecount="2" falsecount="0"/>
      <line num="21" count="2" type="stmt"/>
      <line num="27" count="3" type="stmt"/>
      <line num="32" count="1" type="stmt"/>
      <line num="40" count="2" type="stmt"/>
      <line num="48" count="2" type="stmt"/>
      <line num="56" count="1" type="stmt"/>
      <line num="64" count="1" type="stmt"/>
      <line num="69" count="3" type="stmt"/>
    </file>
    <file name="troupe.js" path="C:\Users\Owner\Desktop\goanna\MODULE 2 ASSESSMENTS\MusoProject\MusoPlanProj\troupe.js">
      <metrics statements="42" coveredstatements="39" conditionals="18" coveredconditionals="17" methods="9" coveredmethods="8"/>
      <line num="6" count="17" type="stmt"/>
      <line num="7" count="17" type="stmt"/>
      <line num="8" count="17" type="stmt"/>
      <line num="9" count="17" type="stmt"/>
      <line num="10" count="17" type="stmt"/>
      <line num="20" count="17" type="cond" truecount="3" falsecount="1"/>
      <line num="21" count="0" type="stmt"/>
      <line num="25" count="17" type="cond" truecount="2" falsecount="0"/>
      <line num="26" count="1" type="stmt"/>
      <line num="30" count="16" type="cond" truecount="4" falsecount="0"/>
      <line num="31" count="2" type="stmt"/>
      <line num="38" count="7" type="cond" truecount="2" falsecount="0"/>
      <line num="39" count="1" type="stmt"/>
      <line num="41" count="6" type="stmt"/>
      <line num="45" count="6" type="stmt"/>
      <line num="49" count="13" type="cond" truecount="2" falsecount="0"/>
      <line num="50" count="1" type="stmt"/>
      <line num="52" count="12" type="stmt"/>
      <line num="58" count="3" type="stmt"/>
      <line num="59" count="4" type="stmt"/>
      <line num="60" count="4" type="cond" truecount="2" falsecount="0"/>
      <line num="61" count="4" type="stmt"/>
      <line num="63" count="3" type="stmt"/>
      <line num="68" count="2" type="stmt"/>
      <line num="69" count="1" type="stmt"/>
      <line num="70" count="1" type="stmt"/>
      <line num="75" count="2" type="cond" truecount="2" falsecount="0"/>
      <line num="76" count="1" type="stmt"/>
      <line num="79" count="1" type="stmt"/>
      <line num="80" count="1" type="stmt"/>
      <line num="81" count="1" type="stmt"/>
      <line num="82" count="0" type="stmt"/>
      <line num="83" count="0" type="stmt"/>
      <line num="86" count="1" type="stmt"/>
      <line num="87" count="1" type="stmt"/>
      <line num="88" count="2" type="stmt"/>
      <line num="89" count="2" type="stmt"/>
      <line num="90" count="2" type="stmt"/>
      <line num="93" count="1" type="stmt"/>
      <line num="94" count="1" type="stmt"/>
      <line num="96" count="1" type="stmt"/>
      <line num="101" count="2" type="stmt"/>
    </file>
  </project>
</coverage>
