{"C:\\Users\\Owner\\Desktop\\goanna\\MODULE 2 ASSESSMENTS\\MusoProject\\MusoPlanProj\\musicProcess.js": {"path":"C:\\Users\\Owner\\Desktop\\goanna\\MODULE 2 ASSESSMENTS\\MusoProject\\MusoPlanProj\\musicProcess.js","statementMap":{"0":{"start":{"line":1,"column":15},"end":{"line":1,"column":55}},"1":{"start":{"line":2,"column":11},"end":{"line":2,"column":24}},"2":{"start":{"line":3,"column":56},"end":{"line":3,"column":78}},"3":{"start":{"line":4,"column":15},"end":{"line":4,"column":34}},"4":{"start":{"line":6,"column":16},"end":{"line":6,"column":18}},"5":{"start":{"line":7,"column":14},"end":{"line":7,"column":16}},"6":{"start":{"line":15,"column":17},"end":{"line":15,"column":29}},"7":{"start":{"line":16,"column":17},"end":{"line":16,"column":29}},"8":{"start":{"line":17,"column":25},"end":{"line":17,"column":45}},"9":{"start":{"line":18,"column":23},"end":{"line":18,"column":41}},"10":{"start":{"line":21,"column":4},"end":{"line":37,"column":5}},"11":{"start":{"line":23,"column":12},"end":{"line":23,"column":81}},"12":{"start":{"line":24,"column":12},"end":{"line":24,"column":18}},"13":{"start":{"line":26,"column":12},"end":{"line":26,"column":77}},"14":{"start":{"line":27,"column":12},"end":{"line":27,"column":18}},"15":{"start":{"line":29,"column":12},"end":{"line":29,"column":84}},"16":{"start":{"line":30,"column":12},"end":{"line":30,"column":18}},"17":{"start":{"line":32,"column":12},"end":{"line":32,"column":79}},"18":{"start":{"line":33,"column":12},"end":{"line":33,"column":18}},"19":{"start":{"line":36,"column":12},"end":{"line":36,"column":54}},"20":{"start":{"line":38,"column":4},"end":{"line":38,"column":29}},"21":{"start":{"line":39,"column":4},"end":{"line":39,"column":129}},"22":{"start":{"line":53,"column":4},"end":{"line":53,"column":121}},"23":{"start":{"line":57,"column":4},"end":{"line":61,"column":5}},"24":{"start":{"line":60,"column":8},"end":{"line":60,"column":42}},"25":{"start":{"line":62,"column":4},"end":{"line":66,"column":5}},"26":{"start":{"line":65,"column":8},"end":{"line":65,"column":40}},"27":{"start":{"line":68,"column":4},"end":{"line":68,"column":38}},"28":{"start":{"line":69,"column":4},"end":{"line":71,"column":7}},"29":{"start":{"line":70,"column":8},"end":{"line":70,"column":54}},"30":{"start":{"line":72,"column":26},"end":{"line":72,"column":84}},"31":{"start":{"line":74,"column":4},"end":{"line":74,"column":36}},"32":{"start":{"line":75,"column":4},"end":{"line":77,"column":7}},"33":{"start":{"line":76,"column":8},"end":{"line":76,"column":52}},"34":{"start":{"line":78,"column":24},"end":{"line":78,"column":80}},"35":{"start":{"line":80,"column":4},"end":{"line":86,"column":5}},"36":{"start":{"line":81,"column":8},"end":{"line":81,"column":65}},"37":{"start":{"line":83,"column":8},"end":{"line":83,"column":116}},"38":{"start":{"line":85,"column":8},"end":{"line":85,"column":42}},"39":{"start":{"line":90,"column":4},"end":{"line":93,"column":5}},"40":{"start":{"line":91,"column":8},"end":{"line":91,"column":75}},"41":{"start":{"line":92,"column":8},"end":{"line":92,"column":15}},"42":{"start":{"line":95,"column":4},"end":{"line":95,"column":38}},"43":{"start":{"line":96,"column":4},"end":{"line":98,"column":7}},"44":{"start":{"line":97,"column":8},"end":{"line":97,"column":52}},"45":{"start":{"line":99,"column":24},"end":{"line":99,"column":96}},"46":{"start":{"line":100,"column":18},"end":{"line":100,"column":67}},"47":{"start":{"line":102,"column":4},"end":{"line":108,"column":5}},"48":{"start":{"line":103,"column":21},"end":{"line":103,"column":62}},"49":{"start":{"line":105,"column":8},"end":{"line":105,"column":26}},"50":{"start":{"line":107,"column":8},"end":{"line":107,"column":42}},"51":{"start":{"line":113,"column":18},"end":{"line":113,"column":63}},"52":{"start":{"line":113,"column":40},"end":{"line":113,"column":51}},"53":{"start":{"line":114,"column":4},"end":{"line":114,"column":46}},"54":{"start":{"line":116,"column":4},"end":{"line":116,"column":56}},"55":{"start":{"line":120,"column":4},"end":{"line":130,"column":5}},"56":{"start":{"line":121,"column":21},"end":{"line":121,"column":54}},"57":{"start":{"line":122,"column":22},"end":{"line":122,"column":38}},"58":{"start":{"line":123,"column":8},"end":{"line":126,"column":11}},"59":{"start":{"line":124,"column":27},"end":{"line":124,"column":53}},"60":{"start":{"line":125,"column":12},"end":{"line":125,"column":33}},"61":{"start":{"line":127,"column":8},"end":{"line":127,"column":70}},"62":{"start":{"line":129,"column":8},"end":{"line":129,"column":71}},"63":{"start":{"line":134,"column":4},"end":{"line":136,"column":7}},"64":{"start":{"line":135,"column":8},"end":{"line":135,"column":44}},"65":{"start":{"line":140,"column":4},"end":{"line":142,"column":7}},"66":{"start":{"line":141,"column":8},"end":{"line":141,"column":44}},"67":{"start":{"line":145,"column":0},"end":{"line":145,"column":164}}},"fnMap":{"0":{"name":"createMusician","decl":{"start":{"line":9,"column":9},"end":{"line":9,"column":23}},"loc":{"start":{"line":9,"column":94},"end":{"line":41,"column":1}},"line":9},"1":{"name":"createTroupe","decl":{"start":{"line":43,"column":9},"end":{"line":43,"column":21}},"loc":{"start":{"line":43,"column":52},"end":{"line":54,"column":1}},"line":43},"2":{"name":"addMusicianToTroupe","decl":{"start":{"line":56,"column":9},"end":{"line":56,"column":28}},"loc":{"start":{"line":56,"column":31},"end":{"line":87,"column":1}},"line":56},"3":{"name":"(anonymous_3)","decl":{"start":{"line":69,"column":22},"end":{"line":69,"column":23}},"loc":{"start":{"line":69,"column":43},"end":{"line":71,"column":5}},"line":69},"4":{"name":"(anonymous_4)","decl":{"start":{"line":75,"column":20},"end":{"line":75,"column":21}},"loc":{"start":{"line":75,"column":39},"end":{"line":77,"column":5}},"line":75},"5":{"name":"showCostPerHour","decl":{"start":{"line":89,"column":9},"end":{"line":89,"column":24}},"loc":{"start":{"line":89,"column":27},"end":{"line":110,"column":1}},"line":89},"6":{"name":"(anonymous_6)","decl":{"start":{"line":96,"column":20},"end":{"line":96,"column":21}},"loc":{"start":{"line":96,"column":39},"end":{"line":98,"column":5}},"line":96},"7":{"name":"exportTroupeNames","decl":{"start":{"line":112,"column":9},"end":{"line":112,"column":26}},"loc":{"start":{"line":112,"column":37},"end":{"line":117,"column":1}},"line":112},"8":{"name":"(anonymous_8)","decl":{"start":{"line":113,"column":30},"end":{"line":113,"column":31}},"loc":{"start":{"line":113,"column":40},"end":{"line":113,"column":51}},"line":113},"9":{"name":"importTroupeNames","decl":{"start":{"line":119,"column":9},"end":{"line":119,"column":26}},"loc":{"start":{"line":119,"column":37},"end":{"line":131,"column":1}},"line":119},"10":{"name":"(anonymous_10)","decl":{"start":{"line":123,"column":22},"end":{"line":123,"column":23}},"loc":{"start":{"line":123,"column":30},"end":{"line":126,"column":9}},"line":123},"11":{"name":"showTroupeSummary","decl":{"start":{"line":133,"column":9},"end":{"line":133,"column":26}},"loc":{"start":{"line":133,"column":29},"end":{"line":137,"column":1}},"line":133},"12":{"name":"(anonymous_12)","decl":{"start":{"line":134,"column":20},"end":{"line":134,"column":21}},"loc":{"start":{"line":134,"column":30},"end":{"line":136,"column":5}},"line":134},"13":{"name":"showTroupeDetails","decl":{"start":{"line":139,"column":9},"end":{"line":139,"column":26}},"loc":{"start":{"line":139,"column":29},"end":{"line":143,"column":1}},"line":139},"14":{"name":"(anonymous_14)","decl":{"start":{"line":140,"column":20},"end":{"line":140,"column":21}},"loc":{"start":{"line":140,"column":30},"end":{"line":142,"column":5}},"line":140}},"branchMap":{"0":{"loc":{"start":{"line":21,"column":4},"end":{"line":37,"column":5}},"type":"switch","locations":[{"start":{"line":22,"column":8},"end":{"line":24,"column":18}},{"start":{"line":25,"column":8},"end":{"line":27,"column":18}},{"start":{"line":28,"column":8},"end":{"line":30,"column":18}},{"start":{"line":31,"column":8},"end":{"line":33,"column":18}},{"start":{"line":34,"column":8},"end":{"line":36,"column":54}}],"line":21},"1":{"loc":{"start":{"line":57,"column":4},"end":{"line":61,"column":5}},"type":"if","locations":[{"start":{"line":57,"column":4},"end":{"line":61,"column":5}},{"start":{},"end":{}}],"line":57},"2":{"loc":{"start":{"line":62,"column":4},"end":{"line":66,"column":5}},"type":"if","locations":[{"start":{"line":62,"column":4},"end":{"line":66,"column":5}},{"start":{},"end":{}}],"line":62},"3":{"loc":{"start":{"line":80,"column":4},"end":{"line":86,"column":5}},"type":"if","locations":[{"start":{"line":80,"column":4},"end":{"line":86,"column":5}},{"start":{"line":84,"column":11},"end":{"line":86,"column":5}}],"line":80},"4":{"loc":{"start":{"line":80,"column":8},"end":{"line":80,"column":114}},"type":"binary-expr","locations":[{"start":{"line":80,"column":8},"end":{"line":80,"column":26}},{"start":{"line":80,"column":30},"end":{"line":80,"column":62}},{"start":{"line":80,"column":66},"end":{"line":80,"column":82}},{"start":{"line":80,"column":86},"end":{"line":80,"column":114}}],"line":80},"5":{"loc":{"start":{"line":90,"column":4},"end":{"line":93,"column":5}},"type":"if","locations":[{"start":{"line":90,"column":4},"end":{"line":93,"column":5}},{"start":{},"end":{}}],"line":90},"6":{"loc":{"start":{"line":102,"column":4},"end":{"line":108,"column":5}},"type":"if","locations":[{"start":{"line":102,"column":4},"end":{"line":108,"column":5}},{"start":{"line":106,"column":11},"end":{"line":108,"column":5}}],"line":102},"7":{"loc":{"start":{"line":102,"column":8},"end":{"line":102,"column":73}},"type":"binary-expr","locations":[{"start":{"line":102,"column":8},"end":{"line":102,"column":24}},{"start":{"line":102,"column":28},"end":{"line":102,"column":56}},{"start":{"line":102,"column":60},"end":{"line":102,"column":73}}],"line":102}},"s":{"0":1,"1":1,"2":1,"3":1,"4":1,"5":1,"6":1,"7":1,"8":1,"9":1,"10":1,"11":1,"12":1,"13":0,"14":0,"15":0,"16":0,"17":0,"18":0,"19":0,"20":1,"21":1,"22":0,"23":0,"24":0,"25":0,"26":0,"27":0,"28":0,"29":0,"30":0,"31":0,"32":0,"33":0,"34":0,"35":0,"36":0,"37":0,"38":0,"39":0,"40":0,"41":0,"42":0,"43":0,"44":0,"45":0,"46":0,"47":0,"48":0,"49":0,"50":0,"51":1,"52":0,"53":1,"54":1,"55":1,"56":1,"57":1,"58":1,"59":2,"60":2,"61":1,"62":0,"63":0,"64":0,"65":0,"66":0,"67":1},"f":{"0":1,"1":0,"2":0,"3":0,"4":0,"5":0,"6":0,"7":1,"8":0,"9":1,"10":2,"11":0,"12":0,"13":0,"14":0},"b":{"0":[1,0,0,0,0],"1":[0,0],"2":[0,0],"3":[0,0],"4":[0,0,0,0],"5":[0,0],"6":[0,0],"7":[0,0,0]},"_coverageSchema":"1a1c01bbd47fc00a2c39e90264f33305004495a9","hash":"02d23288687381c40d32b5cc20e8b68463b5487f"}
,"C:\\Users\\Owner\\Desktop\\goanna\\MODULE 2 ASSESSMENTS\\MusoProject\\MusoPlanProj\\musicians.js": {"path":"C:\\Users\\Owner\\Desktop\\goanna\\MODULE 2 ASSESSMENTS\\MusoProject\\MusoPlanProj\\musicians.js","statementMap":{"0":{"start":{"line":4,"column":8},"end":{"line":4,"column":25}},"1":{"start":{"line":5,"column":8},"end":{"line":5,"column":39}},"2":{"start":{"line":6,"column":8},"end":{"line":6,"column":45}},"3":{"start":{"line":7,"column":8},"end":{"line":7,"column":39}},"4":{"start":{"line":10,"column":8},"end":{"line":12,"column":9}},"5":{"start":{"line":11,"column":12},"end":{"line":11,"column":73}},"6":{"start":{"line":15,"column":8},"end":{"line":17,"column":9}},"7":{"start":{"line":16,"column":12},"end":{"line":16,"column":70}},"8":{"start":{"line":20,"column":8},"end":{"line":22,"column":9}},"9":{"start":{"line":21,"column":12},"end":{"line":21,"column":60}},"10":{"start":{"line":27,"column":8},"end":{"line":27,"column":125}},"11":{"start":{"line":32,"column":8},"end":{"line":32,"column":18}},"12":{"start":{"line":40,"column":8},"end":{"line":40,"column":64}},"13":{"start":{"line":48,"column":8},"end":{"line":48,"column":42}},"14":{"start":{"line":56,"column":8},"end":{"line":56,"column":24}},"15":{"start":{"line":64,"column":8},"end":{"line":64,"column":57}},"16":{"start":{"line":69,"column":0},"end":{"line":69,"column":75}}},"fnMap":{"0":{"name":"(anonymous_0)","decl":{"start":{"line":3,"column":4},"end":{"line":3,"column":5}},"loc":{"start":{"line":3,"column":64},"end":{"line":23,"column":5}},"line":3},"1":{"name":"(anonymous_1)","decl":{"start":{"line":26,"column":4},"end":{"line":26,"column":5}},"loc":{"start":{"line":26,"column":16},"end":{"line":28,"column":5}},"line":26},"2":{"name":"(anonymous_2)","decl":{"start":{"line":31,"column":4},"end":{"line":31,"column":5}},"loc":{"start":{"line":31,"column":22},"end":{"line":33,"column":5}},"line":31},"3":{"name":"(anonymous_3)","decl":{"start":{"line":39,"column":4},"end":{"line":39,"column":5}},"loc":{"start":{"line":39,"column":22},"end":{"line":41,"column":5}},"line":39},"4":{"name":"(anonymous_4)","decl":{"start":{"line":47,"column":4},"end":{"line":47,"column":5}},"loc":{"start":{"line":47,"column":22},"end":{"line":49,"column":5}},"line":47},"5":{"name":"(anonymous_5)","decl":{"start":{"line":55,"column":4},"end":{"line":55,"column":5}},"loc":{"start":{"line":55,"column":22},"end":{"line":57,"column":5}},"line":55},"6":{"name":"(anonymous_6)","decl":{"start":{"line":63,"column":4},"end":{"line":63,"column":5}},"loc":{"start":{"line":63,"column":22},"end":{"line":65,"column":5}},"line":63}},"branchMap":{"0":{"loc":{"start":{"line":10,"column":8},"end":{"line":12,"column":9}},"type":"if","locations":[{"start":{"line":10,"column":8},"end":{"line":12,"column":9}},{"start":{},"end":{}}],"line":10},"1":{"loc":{"start":{"line":10,"column":12},"end":{"line":10,"column":47}},"type":"binary-expr","locations":[{"start":{"line":10,"column":12},"end":{"line":10,"column":27}},{"start":{"line":10,"column":31},"end":{"line":10,"column":47}}],"line":10},"2":{"loc":{"start":{"line":15,"column":8},"end":{"line":17,"column":9}},"type":"if","locations":[{"start":{"line":15,"column":8},"end":{"line":17,"column":9}},{"start":{},"end":{}}],"line":15},"3":{"loc":{"start":{"line":20,"column":8},"end":{"line":22,"column":9}},"type":"if","locations":[{"start":{"line":20,"column":8},"end":{"line":22,"column":9}},{"start":{},"end":{}}],"line":20}},"s":{"0":31,"1":31,"2":31,"3":31,"4":31,"5":2,"6":29,"7":1,"8":28,"9":2,"10":3,"11":1,"12":2,"13":2,"14":1,"15":1,"16":3},"f":{"0":31,"1":3,"2":1,"3":2,"4":2,"5":1,"6":1},"b":{"0":[2,29],"1":[31,30],"2":[1,28],"3":[2,26]},"_coverageSchema":"1a1c01bbd47fc00a2c39e90264f33305004495a9","hash":"ec0ced66cae78acc14010b2e679e6408528bc161"}
,"C:\\Users\\Owner\\Desktop\\goanna\\MODULE 2 ASSESSMENTS\\MusoProject\\MusoPlanProj\\troupe.js": {"path":"C:\\Users\\Owner\\Desktop\\goanna\\MODULE 2 ASSESSMENTS\\MusoProject\\MusoPlanProj\\troupe.js","statementMap":{"0":{"start":{"line":6,"column":8},"end":{"line":6,"column":25}},"1":{"start":{"line":7,"column":8},"end":{"line":7,"column":27}},"2":{"start":{"line":8,"column":8},"end":{"line":8,"column":47}},"3":{"start":{"line":9,"column":8},"end":{"line":9,"column":28}},"4":{"start":{"line":10,"column":8},"end":{"line":10,"column":32}},"5":{"start":{"line":20,"column":8},"end":{"line":22,"column":10}},"6":{"start":{"line":21,"column":12},"end":{"line":21,"column":80}},"7":{"start":{"line":25,"column":8},"end":{"line":27,"column":9}},"8":{"start":{"line":26,"column":12},"end":{"line":26,"column":74}},"9":{"start":{"line":30,"column":8},"end":{"line":32,"column":9}},"10":{"start":{"line":31,"column":12},"end":{"line":31,"column":81}},"11":{"start":{"line":38,"column":8},"end":{"line":40,"column":9}},"12":{"start":{"line":39,"column":12},"end":{"line":39,"column":77}},"13":{"start":{"line":41,"column":8},"end":{"line":41,"column":38}},"14":{"start":{"line":45,"column":8},"end":{"line":45,"column":89}},"15":{"start":{"line":49,"column":8},"end":{"line":51,"column":9}},"16":{"start":{"line":50,"column":12},"end":{"line":50,"column":75}},"17":{"start":{"line":52,"column":8},"end":{"line":52,"column":42}},"18":{"start":{"line":58,"column":33},"end":{"line":62,"column":14}},"19":{"start":{"line":59,"column":25},"end":{"line":59,"column":50}},"20":{"start":{"line":60,"column":12},"end":{"line":60,"column":51}},"21":{"start":{"line":61,"column":12},"end":{"line":61,"column":26}},"22":{"start":{"line":63,"column":8},"end":{"line":63,"column":162}},"23":{"start":{"line":68,"column":24},"end":{"line":68,"column":174}},"24":{"start":{"line":68,"column":59},"end":{"line":68,"column":162}},"25":{"start":{"line":69,"column":8},"end":{"line":69,"column":29}},"26":{"start":{"line":70,"column":8},"end":{"line":70,"column":73}},"27":{"start":{"line":75,"column":8},"end":{"line":77,"column":9}},"28":{"start":{"line":76,"column":12},"end":{"line":76,"column":90}},"29":{"start":{"line":79,"column":24},"end":{"line":79,"column":25}},"30":{"start":{"line":80,"column":8},"end":{"line":80,"column":56}},"31":{"start":{"line":81,"column":8},"end":{"line":84,"column":11}},"32":{"start":{"line":82,"column":12},"end":{"line":82,"column":95}},"33":{"start":{"line":83,"column":12},"end":{"line":83,"column":46}},"34":{"start":{"line":86,"column":8},"end":{"line":86,"column":65}},"35":{"start":{"line":87,"column":8},"end":{"line":91,"column":9}},"36":{"start":{"line":87,"column":21},"end":{"line":87,"column":22}},"37":{"start":{"line":88,"column":27},"end":{"line":88,"column":48}},"38":{"start":{"line":89,"column":12},"end":{"line":89,"column":89}},"39":{"start":{"line":90,"column":12},"end":{"line":90,"column":44}},"40":{"start":{"line":93,"column":8},"end":{"line":93,"column":52}},"41":{"start":{"line":94,"column":8},"end":{"line":94,"column":67}},"42":{"start":{"line":96,"column":8},"end":{"line":96,"column":70}},"43":{"start":{"line":101,"column":0},"end":{"line":101,"column":24}}},"fnMap":{"0":{"name":"(anonymous_0)","decl":{"start":{"line":4,"column":4},"end":{"line":4,"column":5}},"loc":{"start":{"line":4,"column":46},"end":{"line":33,"column":5}},"line":4},"1":{"name":"(anonymous_1)","decl":{"start":{"line":36,"column":4},"end":{"line":36,"column":5}},"loc":{"start":{"line":36,"column":26},"end":{"line":46,"column":5}},"line":36},"2":{"name":"(anonymous_2)","decl":{"start":{"line":48,"column":4},"end":{"line":48,"column":5}},"loc":{"start":{"line":48,"column":24},"end":{"line":53,"column":5}},"line":48},"3":{"name":"(anonymous_3)","decl":{"start":{"line":56,"column":4},"end":{"line":56,"column":5}},"loc":{"start":{"line":56,"column":20},"end":{"line":64,"column":5}},"line":56},"4":{"name":"(anonymous_4)","decl":{"start":{"line":58,"column":59},"end":{"line":58,"column":60}},"loc":{"start":{"line":58,"column":81},"end":{"line":62,"column":9}},"line":58},"5":{"name":"(anonymous_5)","decl":{"start":{"line":67,"column":4},"end":{"line":67,"column":5}},"loc":{"start":{"line":67,"column":20},"end":{"line":71,"column":5}},"line":67},"6":{"name":"(anonymous_6)","decl":{"start":{"line":68,"column":47},"end":{"line":68,"column":48}},"loc":{"start":{"line":68,"column":59},"end":{"line":68,"column":162}},"line":68},"7":{"name":"(anonymous_7)","decl":{"start":{"line":74,"column":4},"end":{"line":74,"column":5}},"loc":{"start":{"line":74,"column":25},"end":{"line":97,"column":5}},"line":74},"8":{"name":"(anonymous_8)","decl":{"start":{"line":81,"column":31},"end":{"line":81,"column":32}},"loc":{"start":{"line":81,"column":43},"end":{"line":84,"column":9}},"line":81}},"branchMap":{"0":{"loc":{"start":{"line":20,"column":8},"end":{"line":22,"column":10}},"type":"if","locations":[{"start":{"line":20,"column":8},"end":{"line":22,"column":10}},{"start":{},"end":{}}],"line":20},"1":{"loc":{"start":{"line":20,"column":12},"end":{"line":20,"column":47}},"type":"binary-expr","locations":[{"start":{"line":20,"column":12},"end":{"line":20,"column":27}},{"start":{"line":20,"column":31},"end":{"line":20,"column":47}}],"line":20},"2":{"loc":{"start":{"line":25,"column":8},"end":{"line":27,"column":9}},"type":"if","locations":[{"start":{"line":25,"column":8},"end":{"line":27,"column":9}},{"start":{},"end":{}}],"line":25},"3":{"loc":{"start":{"line":30,"column":8},"end":{"line":32,"column":9}},"type":"if","locations":[{"start":{"line":30,"column":8},"end":{"line":32,"column":9}},{"start":{},"end":{}}],"line":30},"4":{"loc":{"start":{"line":30,"column":12},"end":{"line":30,"column":56}},"type":"binary-expr","locations":[{"start":{"line":30,"column":12},"end":{"line":30,"column":33}},{"start":{"line":30,"column":37},"end":{"line":30,"column":56}}],"line":30},"5":{"loc":{"start":{"line":38,"column":8},"end":{"line":40,"column":9}},"type":"if","locations":[{"start":{"line":38,"column":8},"end":{"line":40,"column":9}},{"start":{},"end":{}}],"line":38},"6":{"loc":{"start":{"line":49,"column":8},"end":{"line":51,"column":9}},"type":"if","locations":[{"start":{"line":49,"column":8},"end":{"line":51,"column":9}},{"start":{},"end":{}}],"line":49},"7":{"loc":{"start":{"line":60,"column":28},"end":{"line":60,"column":45}},"type":"binary-expr","locations":[{"start":{"line":60,"column":28},"end":{"line":60,"column":40}},{"start":{"line":60,"column":44},"end":{"line":60,"column":45}}],"line":60},"8":{"loc":{"start":{"line":75,"column":8},"end":{"line":77,"column":9}},"type":"if","locations":[{"start":{"line":75,"column":8},"end":{"line":77,"column":9}},{"start":{},"end":{}}],"line":75}},"s":{"0":17,"1":17,"2":17,"3":17,"4":17,"5":17,"6":0,"7":17,"8":1,"9":16,"10":2,"11":7,"12":1,"13":6,"14":6,"15":13,"16":1,"17":12,"18":3,"19":4,"20":4,"21":4,"22":3,"23":1,"24":2,"25":1,"26":1,"27":2,"28":1,"29":1,"30":1,"31":1,"32":0,"33":0,"34":1,"35":1,"36":1,"37":2,"38":2,"39":2,"40":1,"41":1,"42":1,"43":2},"f":{"0":17,"1":7,"2":13,"3":3,"4":4,"5":1,"6":2,"7":2,"8":0},"b":{"0":[0,17],"1":[17,17],"2":[1,16],"3":[2,14],"4":[16,15],"5":[1,6],"6":[1,12],"7":[4,4],"8":[1,1]},"_coverageSchema":"1a1c01bbd47fc00a2c39e90264f33305004495a9","hash":"7280a5590c55ecfdc28510f1290432c3eb77b134"}
}
