TN:
SF:musicProcess.js
FN:9,createMusician
FN:43,createTroupe
FN:56,addMusicianToTroupe
FN:69,(anonymous_3)
FN:75,(anonymous_4)
FN:89,showCostPerHour
FN:96,(anonymous_6)
FN:112,exportTroupeNames
FN:113,(anonymous_8)
FN:119,importTroupeNames
FN:123,(anonymous_10)
FN:133,showTroupeSummary
FN:134,(anonymous_12)
FN:139,showTroupeDetails
FN:140,(anonymous_14)
FNF:15
FNH:4
FNDA:1,createMusician
FNDA:0,createTroupe
FNDA:0,addMusicianToTroupe
FNDA:0,(anonymous_3)
FNDA:0,(anonymous_4)
FNDA:0,showCostPerHour
FNDA:0,(anonymous_6)
FNDA:1,exportTroupeNames
FNDA:0,(anonymous_8)
FNDA:1,importTroupeNames
FNDA:2,(anonymous_10)
FNDA:0,showTroupeSummary
FNDA:0,(anonymous_12)
FNDA:0,showTroupeDetails
FNDA:0,(anonymous_14)
DA:1,1
DA:2,1
DA:3,1
DA:4,1
DA:6,1
DA:7,1
DA:15,1
DA:16,1
DA:17,1
DA:18,1
DA:21,1
DA:23,1
DA:24,1
DA:26,0
DA:27,0
DA:29,0
DA:30,0
DA:32,0
DA:33,0
DA:36,0
DA:38,1
DA:39,1
DA:53,0
DA:57,0
DA:60,0
DA:62,0
DA:65,0
DA:68,0
DA:69,0
DA:70,0
DA:72,0
DA:74,0
DA:75,0
DA:76,0
DA:78,0
DA:80,0
DA:81,0
DA:83,0
DA:85,0
DA:90,0
DA:91,0
DA:92,0
DA:95,0
DA:96,0
DA:97,0
DA:99,0
DA:100,0
DA:102,0
DA:103,0
DA:105,0
DA:107,0
DA:113,1
DA:114,1
DA:116,1
DA:120,1
DA:121,1
DA:122,1
DA:123,1
DA:124,2
DA:125,2
DA:127,1
DA:129,0
DA:134,0
DA:135,0
DA:140,0
DA:141,0
DA:145,1
LF:67
LH:26
BRDA:21,0,0,1
BRDA:21,0,1,0
BRDA:21,0,2,0
BRDA:21,0,3,0
BRDA:21,0,4,0
BRDA:57,1,0,0
BRDA:57,1,1,0
BRDA:62,2,0,0
BRDA:62,2,1,0
BRDA:80,3,0,0
BRDA:80,3,1,0
BRDA:80,4,0,0
BRDA:80,4,1,0
BRDA:80,4,2,0
BRDA:80,4,3,0
BRDA:90,5,0,0
BRDA:90,5,1,0
BRDA:102,6,0,0
BRDA:102,6,1,0
BRDA:102,7,0,0
BRDA:102,7,1,0
BRDA:102,7,2,0
BRF:22
BRH:1
end_of_record
TN:
SF:musicians.js
FN:3,(anonymous_0)
FN:26,(anonymous_1)
FN:31,(anonymous_2)
FN:39,(anonymous_3)
FN:47,(anonymous_4)
FN:55,(anonymous_5)
FN:63,(anonymous_6)
FNF:7
FNH:7
FNDA:31,(anonymous_0)
FNDA:3,(anonymous_1)
FNDA:1,(anonymous_2)
FNDA:2,(anonymous_3)
FNDA:2,(anonymous_4)
FNDA:1,(anonymous_5)
FNDA:1,(anonymous_6)
DA:4,31
DA:5,31
DA:6,31
DA:7,31
DA:10,31
DA:11,2
DA:15,29
DA:16,1
DA:20,28
DA:21,2
DA:27,3
DA:32,1
DA:40,2
DA:48,2
DA:56,1
DA:64,1
DA:69,3
LF:17
LH:17
BRDA:10,0,0,2
BRDA:10,0,1,29
BRDA:10,1,0,31
BRDA:10,1,1,30
BRDA:15,2,0,1
BRDA:15,2,1,28
BRDA:20,3,0,2
BRDA:20,3,1,26
BRF:8
BRH:8
end_of_record
TN:
SF:troupe.js
FN:4,(anonymous_0)
FN:36,(anonymous_1)
FN:48,(anonymous_2)
FN:56,(anonymous_3)
FN:58,(anonymous_4)
FN:67,(anonymous_5)
FN:68,(anonymous_6)
FN:74,(anonymous_7)
FN:81,(anonymous_8)
FNF:9
FNH:8
FNDA:17,(anonymous_0)
FNDA:7,(anonymous_1)
FNDA:13,(anonymous_2)
FNDA:3,(anonymous_3)
FNDA:4,(anonymous_4)
FNDA:1,(anonymous_5)
FNDA:2,(anonymous_6)
FNDA:2,(anonymous_7)
FNDA:0,(anonymous_8)
DA:6,17
DA:7,17
DA:8,17
DA:9,17
DA:10,17
DA:20,17
DA:21,0
DA:25,17
DA:26,1
DA:30,16
DA:31,2
DA:38,7
DA:39,1
DA:41,6
DA:45,6
DA:49,13
DA:50,1
DA:52,12
DA:58,3
DA:59,4
DA:60,4
DA:61,4
DA:63,3
DA:68,2
DA:69,1
DA:70,1
DA:75,2
DA:76,1
DA:79,1
DA:80,1
DA:81,1
DA:82,0
DA:83,0
DA:86,1
DA:87,1
DA:88,2
DA:89,2
DA:90,2
DA:93,1
DA:94,1
DA:96,1
DA:101,2
LF:42
LH:39
BRDA:20,0,0,0
BRDA:20,0,1,17
BRDA:20,1,0,17
BRDA:20,1,1,17
BRDA:25,2,0,1
BRDA:25,2,1,16
BRDA:30,3,0,2
BRDA:30,3,1,14
BRDA:30,4,0,16
BRDA:30,4,1,15
BRDA:38,5,0,1
BRDA:38,5,1,6
BRDA:49,6,0,1
BRDA:49,6,1,12
BRDA:60,7,0,4
BRDA:60,7,1,4
BRDA:75,8,0,1
BRDA:75,8,1,1
BRF:18
BRH:17
end_of_record
